<?xml version="1.0" encoding="UTF-8"?>
<!-- Generated by org.testng.reporters.JUnitReportReporter -->
<testsuite hostname="Renjini-PC" failures="0" tests="1" name="sdet.SeleniumTest" time="6.931" errors="0" timestamp="2025-10-15T20:45:08 IST" skipped="0">
  <testcase classname="sdet.SeleniumTest" name="f" time="6.931"/>
  <system-out/>
</testsuite> <!-- sdet.SeleniumTest -->
