<?xml version="1.0" encoding="UTF-8"?>
<!-- Generated by org.testng.reporters.JUnitReportReporter -->
<testsuite hostname="Renjini-PC" failures="0" tests="2" name="sdet.AppTest" time="0.017" errors="0" timestamp="2025-09-25T19:20:42 IST" skipped="0">
  <testcase classname="sdet.AppTest" name="testlogin1" time="0.016"/>
  <system-out/>
  <testcase classname="sdet.AppTest" name="testlogin2" time="0.001"/>
  <system-out/>
</testsuite> <!-- sdet.AppTest -->
