<?xml version="1.0" encoding="UTF-8"?>
<!-- Generated by org.testng.reporters.JUnitReportReporter -->
<testsuite hostname="Renjini-PC" failures="0" tests="1" name="sdet.SeleniumTest" time="7.089" errors="0" timestamp="2025-09-29T16:16:34 IST" skipped="0">
  <testcase classname="sdet.SeleniumTest" name="f" time="7.089"/>
  <system-out/>
</testsuite> <!-- sdet.SeleniumTest -->
