<?xml version="1.0" encoding="UTF-8"?>
<!-- Generated by org.testng.reporters.JUnitReportReporter -->
<testsuite hostname="Renjini-PC" failures="0" tests="1" name="sdet.SeleniumTest" time="7.004" errors="0" timestamp="2025-10-16T21:39:40 IST" skipped="0">
  <testcase classname="sdet.SeleniumTest" name="f" time="7.004"/>
  <system-out/>
</testsuite> <!-- sdet.SeleniumTest -->
